<?xml version="1.0" encoding="UTF-8"?>
<!-- Generated by org.testng.reporters.JUnitXMLReporter -->
<testsuite ignored="0" hostname="HPE-OT" failures="10" tests="23" name="SKU API Tests" time="27.871" errors="0" timestamp="2025-08-21T18:55:39 CDT">
  <testcase classname="ChallengeAPIPlaywright.Framework.SkuApiTest" name="testCreateSku" time="12.429">
    <failure type="java.lang.AssertionError" message="Expected 201 Created expected [201] but found [200]">
      <![CDATA[java.lang.AssertionError: Expected 201 Created expected [201] but found [200]
at ChallengeAPIPlaywright.Framework.SkuApiTest.testCreateSku(SkuApiTest.java:135)
at java.base/java.util.ArrayList.forEach(ArrayList.java:1511)
... Removed 33 stack frames]]>
    </failure>
  </testcase> <!-- testCreateSku -->
  <testcase classname="ChallengeAPIPlaywright.Framework.SkuApiTest" name="testCreateSkuDuplicate" time="0.658">
    <failure type="java.lang.AssertionError" message="expected [409] but found [200]">
      <![CDATA[java.lang.AssertionError: expected [409] but found [200]
at ChallengeAPIPlaywright.Framework.SkuApiTest.testCreateSkuDuplicate(SkuApiTest.java:279)
at java.base/java.util.ArrayList.forEach(ArrayList.java:1511)
... Removed 34 stack frames]]>
    </failure>
  </testcase> <!-- testCreateSkuDuplicate -->
  <testcase classname="ChallengeAPIPlaywright.Framework.SkuApiTest" name="testCreateSkuEmptyBody" time="0.627">
    <failure type="java.lang.AssertionError" message="expected [true] but found [false]">
      <![CDATA[java.lang.AssertionError: expected [true] but found [false]
at ChallengeAPIPlaywright.Framework.SkuApiTest.testCreateSkuEmptyBody(SkuApiTest.java:332)
at java.base/java.util.ArrayList.forEach(ArrayList.java:1511)
... Removed 31 stack frames]]>
    </failure>
  </testcase> <!-- testCreateSkuEmptyBody -->
  <testcase classname="ChallengeAPIPlaywright.Framework.SkuApiTest" name="testCreateSkuInvalidPrice" time="0.651"/>
  <testcase classname="ChallengeAPIPlaywright.Framework.SkuApiTest" name="testCreateSkuLongDescription" time="0.613">
    <failure type="java.lang.AssertionError" message="expected [400] but found [200]">
      <![CDATA[java.lang.AssertionError: expected [400] but found [200]
at ChallengeAPIPlaywright.Framework.SkuApiTest.testCreateSkuLongDescription(SkuApiTest.java:317)
at java.base/java.util.ArrayList.forEach(ArrayList.java:1511)
... Removed 34 stack frames]]>
    </failure>
  </testcase> <!-- testCreateSkuLongDescription -->
  <testcase classname="ChallengeAPIPlaywright.Framework.SkuApiTest" name="testCreateSkuMissingDescription" time="0.626">
    <failure type="java.lang.AssertionError" message="expected [true] but found [false]">
      <![CDATA[java.lang.AssertionError: expected [true] but found [false]
at ChallengeAPIPlaywright.Framework.SkuApiTest.testCreateSkuMissingDescription(SkuApiTest.java:234)
at java.base/java.util.ArrayList.forEach(ArrayList.java:1511)
... Removed 31 stack frames]]>
    </failure>
  </testcase> <!-- testCreateSkuMissingDescription -->
  <testcase classname="ChallengeAPIPlaywright.Framework.SkuApiTest" name="testCreateSkuMissingPrice" time="0.693">
    <failure type="java.lang.AssertionError" message="expected [true] but found [false]">
      <![CDATA[java.lang.AssertionError: expected [true] but found [false]
at ChallengeAPIPlaywright.Framework.SkuApiTest.testCreateSkuMissingPrice(SkuApiTest.java:253)
at java.base/java.util.ArrayList.forEach(ArrayList.java:1511)
... Removed 31 stack frames]]>
    </failure>
  </testcase> <!-- testCreateSkuMissingPrice -->
  <testcase classname="ChallengeAPIPlaywright.Framework.SkuApiTest" name="testCreateSkuMissingSku" time="0.618"/>
  <testcase classname="ChallengeAPIPlaywright.Framework.SkuApiTest" name="testCreateSkuWithExtraFields" time="0.602"/>
  <testcase classname="ChallengeAPIPlaywright.Framework.SkuApiTest" name="testCreateSkuWithInvalidPayload" time="0.659"/>
  <testcase classname="ChallengeAPIPlaywright.Framework.SkuApiTest" name="testDeleteSku" time="0.604"/>
  <testcase classname="ChallengeAPIPlaywright.Framework.SkuApiTest" name="testDeleteSkuInvalidIdFormat" time="0.663">
    <failure type="java.lang.AssertionError" message="expected [400] but found [404]">
      <![CDATA[java.lang.AssertionError: expected [400] but found [404]
at ChallengeAPIPlaywright.Framework.SkuApiTest.testDeleteSkuInvalidIdFormat(SkuApiTest.java:429)
at java.base/java.util.ArrayList.forEach(ArrayList.java:1511)
... Removed 34 stack frames]]>
    </failure>
  </testcase> <!-- testDeleteSkuInvalidIdFormat -->
  <testcase classname="ChallengeAPIPlaywright.Framework.SkuApiTest" name="testDeleteSkuNonExistent" time="0.656"/>
  <testcase classname="ChallengeAPIPlaywright.Framework.SkuApiTest" name="testDeleteThenGetOrUpdate" time="0.628">
    <failure type="java.lang.AssertionError" message="expected [404] but found [201]">
      <![CDATA[java.lang.AssertionError: expected [404] but found [201]
at ChallengeAPIPlaywright.Framework.SkuApiTest.testDeleteThenGetOrUpdate(SkuApiTest.java:529)
at java.base/java.util.ArrayList.forEach(ArrayList.java:1511)
... Removed 34 stack frames]]>
    </failure>
  </testcase> <!-- testDeleteThenGetOrUpdate -->
  <testcase classname="ChallengeAPIPlaywright.Framework.SkuApiTest" name="testGetAllSkus" time="0.616"/>
  <testcase classname="ChallengeAPIPlaywright.Framework.SkuApiTest" name="testGetSkuById" time="0.699"/>
  <testcase classname="ChallengeAPIPlaywright.Framework.SkuApiTest" name="testGetSkuByNonExistentId" time="0.698"/>
  <testcase classname="ChallengeAPIPlaywright.Framework.SkuApiTest" name="testUnauthorizedAccess" time="0.616">
    <failure type="java.lang.AssertionError" message="expected [401] but found [200]">
      <![CDATA[java.lang.AssertionError: expected [401] but found [200]
at ChallengeAPIPlaywright.Framework.SkuApiTest.testUnauthorizedAccess(SkuApiTest.java:503)
at java.base/java.util.ArrayList.forEach(ArrayList.java:1511)
... Removed 34 stack frames]]>
    </failure>
  </testcase> <!-- testUnauthorizedAccess -->
  <testcase classname="ChallengeAPIPlaywright.Framework.SkuApiTest" name="testUnsupportedHttpMethodPatch" time="0.617"/>
  <testcase classname="ChallengeAPIPlaywright.Framework.SkuApiTest" name="testUnsupportedHttpMethodPut" time="0.65"/>
  <testcase classname="ChallengeAPIPlaywright.Framework.SkuApiTest" name="testUpdateSkuInvalidPrice" time="0.666"/>
  <testcase classname="ChallengeAPIPlaywright.Framework.SkuApiTest" name="testUpdateSkuMissingSku" time="0.69">
    <failure type="java.lang.AssertionError" message="expected [true] but found [false]">
      <![CDATA[java.lang.AssertionError: expected [true] but found [false]
at ChallengeAPIPlaywright.Framework.SkuApiTest.testUpdateSkuMissingSku(SkuApiTest.java:404)
at java.base/java.util.ArrayList.forEach(ArrayList.java:1511)
... Removed 31 stack frames]]>
    </failure>
  </testcase> <!-- testUpdateSkuMissingSku -->
  <testcase classname="ChallengeAPIPlaywright.Framework.SkuApiTest" name="testUpdateSkuValid" time="0.81"/>
</testsuite> <!-- SKU API Tests -->
